<?xml version="1.0" encoding="UTF-8"?>
<testng-results ignored="0" total="1" passed="1" failed="0" skipped="0">
  <reporter-output>
  </reporter-output>
  <suite started-at="2019-04-18T13:26:18Z" name="Default suite" finished-at="2019-04-18T13:27:10Z" duration-ms="52883">
    <groups>
    </groups>
    <test started-at="2019-04-18T13:26:18Z" name="Default test" finished-at="2019-04-18T13:27:10Z" duration-ms="52883">
      <class name="vegetables.ExportnLeastCosts">
        <test-method is-config="true" signature="suiteSetup1()[pri:0, instance:vegetables.ExportnLeastCosts@55740540]" started-at="2019-04-18T13:26:18Z" name="suiteSetup1" finished-at="2019-04-18T13:26:18Z" duration-ms="734" status="PASS">
          <reporter-output>
          </reporter-output>
        </test-method> <!-- suiteSetup1 -->
        <test-method signature="ExportAllVegetables()[pri:0, instance:vegetables.ExportnLeastCosts@55740540]" started-at="2019-04-18T13:26:18Z" name="ExportAllVegetables" finished-at="2019-04-18T13:27:10Z" duration-ms="51945" status="PASS">
          <reporter-output>
          </reporter-output>
        </test-method> <!-- ExportAllVegetables -->
        <test-method is-config="true" signature="AftersuiteSetup2()[pri:0, instance:vegetables.ExportnLeastCosts@55740540]" started-at="2019-04-18T13:27:10Z" name="AftersuiteSetup2" finished-at="2019-04-18T13:27:10Z" duration-ms="172" status="PASS">
          <reporter-output>
          </reporter-output>
        </test-method> <!-- AftersuiteSetup2 -->
      </class> <!-- vegetables.ExportnLeastCosts -->
    </test> <!-- Default test -->
  </suite> <!-- Default suite -->
</testng-results>
